




This file echoes the input for the makestr.x program and
prints some of the computed quantities as well. It is intended to
be useful for debugging and fixing bad input
***************************************************
Title: graphene                                                                        
bulk/surf: b
Parent lattice:
*******  0.000  0.000
  0.000  2.131 -1.230
  0.000  2.131  1.230

Parent lattice inverse matrix:
  0.001  0.000  0.000
  0.000  0.235  0.235
  0.000 -0.406  0.406

d-vectors:
  0.1000  1.4209  0.0000
 -0.1000  2.8417  0.0000

Number of labels (k):  2
Finite precision parameter (epsilon):  0.1000000000E-02
Found "start" label. Now skipping lines to struct #:        169
Skipped to the        169nth line in struct_enum.out                                                                 
strN, hnfN, sizeN, n, pgOps, diag, a,b,c,d,e,f, L, labeling
        169       8       64  5  4   1   1   5    1   0   1   0   0   5    1   0   0   0   1   0   0   0   1  0010100101                              
New inverse after reduction
  0.000   0.328  -0.244
  0.000   0.047   0.081
  0.001   0.000   0.000

Atom #:  1 given label # 1 label: 0
Atom #:  2 given label # 2 label: 0
Atom #:  4 given label # 3 label: 0
Atom #:  6 given label # 4 label: 0
Atom #:  7 given label # 5 label: 0
Atom #:  9 given label # 6 label: 0
  6 atoms of label type  0 found
Atom #:  3 given label # 1 label: 1
Atom #:  5 given label # 2 label: 1
Atom #:  8 given label # 3 label: 1
Atom #: 10 given label # 4 label: 1
  4 atoms of label type  1 found
Finished counting the atoms of each type
At. #:  1 position:  0.467   0.067   0.000 <0>
At. #:  2 position:  0.867   0.267   0.000 <0>
At. #:  4 position:  0.667   0.667   0.000 <0>
At. #:  6 position:  0.933   0.133  -0.000 <0>
At. #:  7 position:  0.333   0.333  -0.000 <0>
At. #:  9 position:  0.133   0.733  -0.000 <0>
At. #:  3 position:  0.267   0.467   0.000 <1>
At. #:  5 position:  0.067   0.867   0.000 <1>
At. #:  8 position:  0.733   0.533  -0.000 <1>
At. #: 10 position:  0.533   0.933  -0.000 <1>
